Compilation failed:
    source file: '/Users/apple/AI-CV-DATA-23-24/opencv-opencv-53296de/CMakeFiles/CMakeTmp/src.cxx'
    check option: ''
===== BUILD LOG =====
Change Dir: '/Users/apple/AI-CV-DATA-23-24/opencv-opencv-53296de/CMakeFiles/CMakeTmp'

Run Build Command(s): /Applications/CMake.app/Contents/bin/cmake -E env VERBOSE=1 /usr/bin/make -f Makefile cmTC_da52f/fast
/Library/Developer/CommandLineTools/usr/bin/make  -f CMakeFiles/cmTC_da52f.dir/build.make CMakeFiles/cmTC_da52f.dir/build
Building CXX object CMakeFiles/cmTC_da52f.dir/src.cxx.o
/Library/Developer/CommandLineTools/usr/bin/c++   -O3 -DNDEBUG -std=c++11 -arch arm64 -isysroot /Library/Developer/CommandLineTools/SDKs/MacOSX13.3.sdk -mmacosx-version-min=13.0 -fPIE -MD -MT CMakeFiles/cmTC_da52f.dir/src.cxx.o -MF CMakeFiles/cmTC_da52f.dir/src.cxx.o.d -o CMakeFiles/cmTC_da52f.dir/src.cxx.o -c /Users/apple/AI-CV-DATA-23-24/opencv-opencv-53296de/CMakeFiles/CMakeTmp/src.cxx
Linking CXX executable cmTC_da52f
/Applications/CMake.app/Contents/bin/cmake -E cmake_link_script CMakeFiles/cmTC_da52f.dir/link.txt --verbose=1
/Library/Developer/CommandLineTools/usr/bin/c++ -O3 -DNDEBUG -arch arm64 -isysroot /Library/Developer/CommandLineTools/SDKs/MacOSX13.3.sdk -mmacosx-version-min=13.0 -Wl,-search_paths_first -Wl,-headerpad_max_install_names  -Wl,--as-needed  CMakeFiles/cmTC_da52f.dir/src.cxx.o -o cmTC_da52f 
ld: unknown option: --as-needed
clang: error: linker command failed with exit code 1 (use -v to see invocation)
make[1]: *** [cmTC_da52f] Error 1
make: *** [cmTC_da52f/fast] Error 2


===== END =====

Compilation failed:
    source file: '/Users/apple/AI-CV-DATA-23-24/opencv-opencv-53296de/CMakeFiles/CMakeTmp/src.cxx'
    check option: ''
===== BUILD LOG =====
Change Dir: '/Users/apple/AI-CV-DATA-23-24/opencv-opencv-53296de/CMakeFiles/CMakeTmp'

Run Build Command(s): /Applications/CMake.app/Contents/bin/cmake -E env VERBOSE=1 /usr/bin/make -f Makefile cmTC_4f2f5/fast
/Library/Developer/CommandLineTools/usr/bin/make  -f CMakeFiles/cmTC_4f2f5.dir/build.make CMakeFiles/cmTC_4f2f5.dir/build
Building CXX object CMakeFiles/cmTC_4f2f5.dir/src.cxx.o
/Library/Developer/CommandLineTools/usr/bin/c++   -O3 -DNDEBUG -std=c++11 -arch arm64 -isysroot /Library/Developer/CommandLineTools/SDKs/MacOSX13.3.sdk -mmacosx-version-min=13.0 -fPIE -MD -MT CMakeFiles/cmTC_4f2f5.dir/src.cxx.o -MF CMakeFiles/cmTC_4f2f5.dir/src.cxx.o.d -o CMakeFiles/cmTC_4f2f5.dir/src.cxx.o -c /Users/apple/AI-CV-DATA-23-24/opencv-opencv-53296de/CMakeFiles/CMakeTmp/src.cxx
Linking CXX executable cmTC_4f2f5
/Applications/CMake.app/Contents/bin/cmake -E cmake_link_script CMakeFiles/cmTC_4f2f5.dir/link.txt --verbose=1
/Library/Developer/CommandLineTools/usr/bin/c++ -O3 -DNDEBUG -arch arm64 -isysroot /Library/Developer/CommandLineTools/SDKs/MacOSX13.3.sdk -mmacosx-version-min=13.0 -Wl,-search_paths_first -Wl,-headerpad_max_install_names  -Wl,--no-undefined  CMakeFiles/cmTC_4f2f5.dir/src.cxx.o -o cmTC_4f2f5 
ld: unknown option: --no-undefined
clang: error: linker command failed with exit code 1 (use -v to see invocation)
make[1]: *** [cmTC_4f2f5] Error 1
make: *** [cmTC_4f2f5/fast] Error 2


===== END =====

Build output check failed:
    Regex: 'unknown .*option'
    Output line: 'warning: unknown warning option '-Wno-maybe-uninitialized', did you mean '-Wno-uninitialized'? [-Wunknown-warning-option]'
Compilation failed:
    source file: '/Users/apple/AI-CV-DATA-23-24/opencv-opencv-53296de/CMakeFiles/CMakeTmp/src.c'
    check option: ' -Wno-maybe-uninitialized'
===== BUILD LOG =====
Change Dir: '/Users/apple/AI-CV-DATA-23-24/opencv-opencv-53296de/CMakeFiles/CMakeTmp'

Run Build Command(s): /Applications/CMake.app/Contents/bin/cmake -E env VERBOSE=1 /usr/bin/make -f Makefile cmTC_e07d4/fast
/Library/Developer/CommandLineTools/usr/bin/make  -f CMakeFiles/cmTC_e07d4.dir/build.make CMakeFiles/cmTC_e07d4.dir/build
Building C object CMakeFiles/cmTC_e07d4.dir/src.c.o
/Library/Developer/CommandLineTools/usr/bin/cc   -fsigned-char -W -Wall -Wreturn-type -Wnon-virtual-dtor -Waddress -Wsequence-point -Wformat -Wformat-security -Wstrict-prototypes -Winit-self -Wpointer-arith -Wsign-promo -Wuninitialized -Wno-delete-non-virtual-dtor -Wno-unnamed-type-template-args -Wno-comment -fdiagnostics-show-option -Qunused-arguments -Wno-semicolon-before-method-body -ffunction-sections -fdata-sections    -fvisibility=hidden -fvisibility-inlines-hidden -Wno-unused-but-set-variable -Wno-missing-prototypes -Wno-missing-declarations -Wno-undef -Wno-unused -Wno-sign-compare -Wno-cast-align -Wno-shadow  -O3 -DNDEBUG  -DNDEBUG -arch arm64 -isysroot /Library/Developer/CommandLineTools/SDKs/MacOSX13.3.sdk -mmacosx-version-min=13.0 -fPIE    -Wno-maybe-uninitialized -MD -MT CMakeFiles/cmTC_e07d4.dir/src.c.o -MF CMakeFiles/cmTC_e07d4.dir/src.c.o.d -o CMakeFiles/cmTC_e07d4.dir/src.c.o -c /Users/apple/AI-CV-DATA-23-24/opencv-opencv-53296de/CMakeFiles/CMakeTmp/src.c
warning: unknown warning option '-Wno-maybe-uninitialized'; did you mean '-Wno-uninitialized'? [-Wunknown-warning-option]
/Users/apple/AI-CV-DATA-23-24/opencv-opencv-53296de/CMakeFiles/CMakeTmp/src.c:1:8: warning: unknown pragma ignored [-Wunknown-pragmas]
#pragma
       ^
2 warnings generated.
Linking C executable cmTC_e07d4
/Applications/CMake.app/Contents/bin/cmake -E cmake_link_script CMakeFiles/cmTC_e07d4.dir/link.txt --verbose=1
/Library/Developer/CommandLineTools/usr/bin/cc    -fsigned-char -W -Wall -Wreturn-type -Wnon-virtual-dtor -Waddress -Wsequence-point -Wformat -Wformat-security -Wstrict-prototypes -Winit-self -Wpointer-arith -Wsign-promo -Wuninitialized -Wno-delete-non-virtual-dtor -Wno-unnamed-type-template-args -Wno-comment -fdiagnostics-show-option -Qunused-arguments -Wno-semicolon-before-method-body -ffunction-sections -fdata-sections    -fvisibility=hidden -fvisibility-inlines-hidden -Wno-unused-but-set-variable -Wno-missing-prototypes -Wno-missing-declarations -Wno-undef -Wno-unused -Wno-sign-compare -Wno-cast-align -Wno-shadow  -O3 -DNDEBUG  -DNDEBUG -arch arm64 -isysroot /Library/Developer/CommandLineTools/SDKs/MacOSX13.3.sdk -mmacosx-version-min=13.0 -Wl,-search_paths_first -Wl,-headerpad_max_install_names   -Wl,-dead_strip  CMakeFiles/cmTC_e07d4.dir/src.c.o -o cmTC_e07d4 


===== END =====

Build output check failed:
    Regex: 'unknown .*option'
    Output line: 'warning: unknown warning option '-Wno-array-parameter', did you mean '-Wno-unused-parameter'? [-Wunknown-warning-option]'
Compilation failed:
    source file: '/Users/apple/AI-CV-DATA-23-24/opencv-opencv-53296de/CMakeFiles/CMakeTmp/src.c'
    check option: ' -Wno-array-parameter'
===== BUILD LOG =====
Change Dir: '/Users/apple/AI-CV-DATA-23-24/opencv-opencv-53296de/CMakeFiles/CMakeTmp'

Run Build Command(s): /Applications/CMake.app/Contents/bin/cmake -E env VERBOSE=1 /usr/bin/make -f Makefile cmTC_92b03/fast
/Library/Developer/CommandLineTools/usr/bin/make  -f CMakeFiles/cmTC_92b03.dir/build.make CMakeFiles/cmTC_92b03.dir/build
Building C object CMakeFiles/cmTC_92b03.dir/src.c.o
/Library/Developer/CommandLineTools/usr/bin/cc   -fsigned-char -W -Wall -Wreturn-type -Wnon-virtual-dtor -Waddress -Wsequence-point -Wformat -Wformat-security -Wstrict-prototypes -Winit-self -Wpointer-arith -Wsign-promo -Wuninitialized -Wno-delete-non-virtual-dtor -Wno-unnamed-type-template-args -Wno-comment -fdiagnostics-show-option -Qunused-arguments -Wno-semicolon-before-method-body -ffunction-sections -fdata-sections    -fvisibility=hidden -fvisibility-inlines-hidden -Wno-unused-but-set-variable -Wno-missing-prototypes -Wno-missing-declarations -Wno-undef -Wno-unused -Wno-sign-compare -Wno-cast-align -Wno-shadow -Wno-pointer-to-int-cast -Wno-int-to-pointer-cast -Wno-misleading-indentation -Wno-implicit-fallthrough -Wno-unused-parameter  -O3 -DNDEBUG  -DNDEBUG -arch arm64 -isysroot /Library/Developer/CommandLineTools/SDKs/MacOSX13.3.sdk -mmacosx-version-min=13.0 -fPIE    -Wno-array-parameter -MD -MT CMakeFiles/cmTC_92b03.dir/src.c.o -MF CMakeFiles/cmTC_92b03.dir/src.c.o.d -o CMakeFiles/cmTC_92b03.dir/src.c.o -c /Users/apple/AI-CV-DATA-23-24/opencv-opencv-53296de/CMakeFiles/CMakeTmp/src.c
warning: unknown warning option '-Wno-array-parameter'; did you mean '-Wno-unused-parameter'? [-Wunknown-warning-option]
/Users/apple/AI-CV-DATA-23-24/opencv-opencv-53296de/CMakeFiles/CMakeTmp/src.c:1:8: warning: unknown pragma ignored [-Wunknown-pragmas]
#pragma
       ^
2 warnings generated.
Linking C executable cmTC_92b03
/Applications/CMake.app/Contents/bin/cmake -E cmake_link_script CMakeFiles/cmTC_92b03.dir/link.txt --verbose=1
/Library/Developer/CommandLineTools/usr/bin/cc    -fsigned-char -W -Wall -Wreturn-type -Wnon-virtual-dtor -Waddress -Wsequence-point -Wformat -Wformat-security -Wstrict-prototypes -Winit-self -Wpointer-arith -Wsign-promo -Wuninitialized -Wno-delete-non-virtual-dtor -Wno-unnamed-type-template-args -Wno-comment -fdiagnostics-show-option -Qunused-arguments -Wno-semicolon-before-method-body -ffunction-sections -fdata-sections    -fvisibility=hidden -fvisibility-inlines-hidden -Wno-unused-but-set-variable -Wno-missing-prototypes -Wno-missing-declarations -Wno-undef -Wno-unused -Wno-sign-compare -Wno-cast-align -Wno-shadow -Wno-pointer-to-int-cast -Wno-int-to-pointer-cast -Wno-misleading-indentation -Wno-implicit-fallthrough -Wno-unused-parameter  -O3 -DNDEBUG  -DNDEBUG -arch arm64 -isysroot /Library/Developer/CommandLineTools/SDKs/MacOSX13.3.sdk -mmacosx-version-min=13.0 -Wl,-search_paths_first -Wl,-headerpad_max_install_names   -Wl,-dead_strip  CMakeFiles/cmTC_92b03.dir/src.c.o -o cmTC_92b03 


===== END =====

